  easy_physy.cpp
c:\users\alex\documents\github\muratov_project\point_modelling\ph_vector.h(114): warning C4996: 'sprintf': This function or variable may be unsafe. Consider using sprintf_s instead. To disable deprecation, use _CRT_SECURE_NO_WARNINGS. See online help for details.
  c:\program files (x86)\windows kits\10\include\10.0.10240.0\ucrt\stdio.h(1769): note:  см. объявление "sprintf"
c:\users\alex\documents\github\muratov_project\point_modelling\ph_vector.h(116): warning C4996: 'strcpy': This function or variable may be unsafe. Consider using strcpy_s instead. To disable deprecation, use _CRT_SECURE_NO_WARNINGS. See online help for details.
  c:\program files (x86)\windows kits\10\include\10.0.10240.0\ucrt\string.h(119): note:  см. объявление "strcpy"
c:\users\alex\documents\github\muratov_project\point_modelling\ph_point.h(42): warning C4996: 'sprintf': This function or variable may be unsafe. Consider using sprintf_s instead. To disable deprecation, use _CRT_SECURE_NO_WARNINGS. See online help for details.
  c:\program files (x86)\windows kits\10\include\10.0.10240.0\ucrt\stdio.h(1769): note:  см. объявление "sprintf"
c:\users\alex\documents\github\muratov_project\point_modelling\ph_point.h(48): warning C4996: 'strcpy': This function or variable may be unsafe. Consider using strcpy_s instead. To disable deprecation, use _CRT_SECURE_NO_WARNINGS. See online help for details.
  c:\program files (x86)\windows kits\10\include\10.0.10240.0\ucrt\string.h(119): note:  см. объявление "strcpy"
c:\users\alex\documents\github\muratov_project\point_modelling\visualise_system.h(88): warning C4996: 'sprintf': This function or variable may be unsafe. Consider using sprintf_s instead. To disable deprecation, use _CRT_SECURE_NO_WARNINGS. See online help for details.
  c:\program files (x86)\windows kits\10\include\10.0.10240.0\ucrt\stdio.h(1769): note:  см. объявление "sprintf"
c:\users\alex\documents\github\muratov_project\point_modelling\visualise_system.h(90): warning C4996: 'sprintf': This function or variable may be unsafe. Consider using sprintf_s instead. To disable deprecation, use _CRT_SECURE_NO_WARNINGS. See online help for details.
  c:\program files (x86)\windows kits\10\include\10.0.10240.0\ucrt\stdio.h(1769): note:  см. объявление "sprintf"
c:\users\alex\documents\github\muratov_project\point_modelling\visualise_system.h(93): warning C4996: 'sprintf': This function or variable may be unsafe. Consider using sprintf_s instead. To disable deprecation, use _CRT_SECURE_NO_WARNINGS. See online help for details.
  c:\program files (x86)\windows kits\10\include\10.0.10240.0\ucrt\stdio.h(1769): note:  см. объявление "sprintf"
c:\users\alex\documents\github\muratov_project\point_modelling\visualise_system.h(95): warning C4996: 'sprintf': This function or variable may be unsafe. Consider using sprintf_s instead. To disable deprecation, use _CRT_SECURE_NO_WARNINGS. See online help for details.
  c:\program files (x86)\windows kits\10\include\10.0.10240.0\ucrt\stdio.h(1769): note:  см. объявление "sprintf"
c:\users\alex\documents\github\muratov_project\point_modelling\easy_physy.cpp(76): warning C4996: 'sprintf': This function or variable may be unsafe. Consider using sprintf_s instead. To disable deprecation, use _CRT_SECURE_NO_WARNINGS. See online help for details.
  c:\program files (x86)\windows kits\10\include\10.0.10240.0\ucrt\stdio.h(1769): note:  см. объявление "sprintf"
c:\users\alex\documents\github\muratov_project\point_modelling\easy_physy.cpp(51): warning C4189: energy0: локальная переменная инициализирована, но не использована
  Создание кода...
c:\users\alex\documents\github\muratov_project\point_modelling\ph_point.h(51): warning C4715: point_str_printout: значение возвращается не при всех путях выполнения
  Компиляция...
  stdafx.cpp
  Создание кода...
  easy_physy.vcxproj -> C:\Users\Alex\Documents\GitHub\muratov_project\easy_physy\Debug\easy_physy.exe
  easy_physy.vcxproj -> C:\Users\Alex\Documents\GitHub\muratov_project\easy_physy\Debug\easy_physy.pdb (Full PDB)
